The system is: Darwin - 17.7.0 - x86_64
Compiling the C compiler identification source file "CMakeCCompilerId.c" succeeded.
Compiler: /Library/Developer/CommandLineTools/usr/bin/cc 
Build flags: 
Id flags:  

The output was:
0


Compilation of the C compiler identification source "CMakeCCompilerId.c" produced "a.out"

The C compiler identification is AppleClang, found in "/Users/mari/work/cosmiTrigger/conv/cmake-build-debug/CMakeFiles/3.8.2/CompilerIdC/a.out"

Compiling the CXX compiler identification source file "CMakeCXXCompilerId.cpp" succeeded.
Compiler: /Library/Developer/CommandLineTools/usr/bin/c++ 
Build flags: 
Id flags:  

The output was:
0


Compilation of the CXX compiler identification source "CMakeCXXCompilerId.cpp" produced "a.out"

The CXX compiler identification is AppleClang, found in "/Users/mari/work/cosmiTrigger/conv/cmake-build-debug/CMakeFiles/3.8.2/CompilerIdCXX/a.out"

Determining if the C compiler works passed with the following output:
Change Dir: /Users/mari/work/cosmiTrigger/conv/cmake-build-debug/CMakeFiles/CMakeTmp

Run Build Command:"/usr/bin/make" "cmTC_742e5/fast"
/Library/Developer/CommandLineTools/usr/bin/make -f CMakeFiles/cmTC_742e5.dir/build.make CMakeFiles/cmTC_742e5.dir/build
Building C object CMakeFiles/cmTC_742e5.dir/testCCompiler.c.o
/Library/Developer/CommandLineTools/usr/bin/cc    -o CMakeFiles/cmTC_742e5.dir/testCCompiler.c.o   -c /Users/mari/work/cosmiTrigger/conv/cmake-build-debug/CMakeFiles/CMakeTmp/testCCompiler.c
Linking C executable cmTC_742e5
/Applications/CLion.app/Contents/bin/cmake/bin/cmake -E cmake_link_script CMakeFiles/cmTC_742e5.dir/link.txt --verbose=1
/Library/Developer/CommandLineTools/usr/bin/cc   -Wl,-search_paths_first -Wl,-headerpad_max_install_names   CMakeFiles/cmTC_742e5.dir/testCCompiler.c.o  -o cmTC_742e5 


Detecting C compiler ABI info compiled with the following output:
Change Dir: /Users/mari/work/cosmiTrigger/conv/cmake-build-debug/CMakeFiles/CMakeTmp

Run Build Command:"/usr/bin/make" "cmTC_1ff82/fast"
/Library/Developer/CommandLineTools/usr/bin/make -f CMakeFiles/cmTC_1ff82.dir/build.make CMakeFiles/cmTC_1ff82.dir/build
Building C object CMakeFiles/cmTC_1ff82.dir/CMakeCCompilerABI.c.o
/Library/Developer/CommandLineTools/usr/bin/cc    -o CMakeFiles/cmTC_1ff82.dir/CMakeCCompilerABI.c.o   -c /Applications/CLion.app/Contents/bin/cmake/share/cmake-3.8/Modules/CMakeCCompilerABI.c
Linking C executable cmTC_1ff82
/Applications/CLion.app/Contents/bin/cmake/bin/cmake -E cmake_link_script CMakeFiles/cmTC_1ff82.dir/link.txt --verbose=1
/Library/Developer/CommandLineTools/usr/bin/cc   -Wl,-search_paths_first -Wl,-headerpad_max_install_names  -v -Wl,-v CMakeFiles/cmTC_1ff82.dir/CMakeCCompilerABI.c.o  -o cmTC_1ff82 
Apple LLVM version 10.0.0 (clang-1000.10.44.2)
Target: x86_64-apple-darwin17.7.0
Thread model: posix
InstalledDir: /Library/Developer/CommandLineTools/usr/bin
 "/Library/Developer/CommandLineTools/usr/bin/ld" -demangle -lto_library /Library/Developer/CommandLineTools/usr/lib/libLTO.dylib -dynamic -arch x86_64 -macosx_version_min 10.13.0 -o cmTC_1ff82 -search_paths_first -headerpad_max_install_names -v CMakeFiles/cmTC_1ff82.dir/CMakeCCompilerABI.c.o -L. -L/Users/mari/work/cpplib/lib -L/Applications/PicoScope6.app/Contents/Resources/lib -lSystem /Library/Developer/CommandLineTools/usr/lib/clang/10.0.0/lib/darwin/libclang_rt.osx.a
@(#)PROGRAM:ld  PROJECT:ld64-409.12
BUILD 02:04:28 Aug 14 2018
configured to support archs: armv6 armv7 armv7s arm64 i386 x86_64 x86_64h armv6m armv7k armv7m armv7em
Library search paths:
	.
	/Users/mari/work/cpplib/lib
	/Applications/PicoScope6.app/Contents/Resources/lib
	/usr/lib
	/usr/local/lib
Framework search paths:
	/Library/Frameworks/
	/System/Library/Frameworks/


Parsed C implicit link information from above output:
  link line regex: [^( *|.*[/\])(ld|([^/\]+-)?ld|collect2)[^/\]*( |$)]
  ignore line: [Change Dir: /Users/mari/work/cosmiTrigger/conv/cmake-build-debug/CMakeFiles/CMakeTmp]
  ignore line: []
  ignore line: [Run Build Command:"/usr/bin/make" "cmTC_1ff82/fast"]
  ignore line: [/Library/Developer/CommandLineTools/usr/bin/make -f CMakeFiles/cmTC_1ff82.dir/build.make CMakeFiles/cmTC_1ff82.dir/build]
  ignore line: [Building C object CMakeFiles/cmTC_1ff82.dir/CMakeCCompilerABI.c.o]
  ignore line: [/Library/Developer/CommandLineTools/usr/bin/cc    -o CMakeFiles/cmTC_1ff82.dir/CMakeCCompilerABI.c.o   -c /Applications/CLion.app/Contents/bin/cmake/share/cmake-3.8/Modules/CMakeCCompilerABI.c]
  ignore line: [Linking C executable cmTC_1ff82]
  ignore line: [/Applications/CLion.app/Contents/bin/cmake/bin/cmake -E cmake_link_script CMakeFiles/cmTC_1ff82.dir/link.txt --verbose=1]
  ignore line: [/Library/Developer/CommandLineTools/usr/bin/cc   -Wl,-search_paths_first -Wl,-headerpad_max_install_names  -v -Wl,-v CMakeFiles/cmTC_1ff82.dir/CMakeCCompilerABI.c.o  -o cmTC_1ff82 ]
  ignore line: [Apple LLVM version 10.0.0 (clang-1000.10.44.2)]
  ignore line: [Target: x86_64-apple-darwin17.7.0]
  ignore line: [Thread model: posix]
  ignore line: [InstalledDir: /Library/Developer/CommandLineTools/usr/bin]
  link line: [ "/Library/Developer/CommandLineTools/usr/bin/ld" -demangle -lto_library /Library/Developer/CommandLineTools/usr/lib/libLTO.dylib -dynamic -arch x86_64 -macosx_version_min 10.13.0 -o cmTC_1ff82 -search_paths_first -headerpad_max_install_names -v CMakeFiles/cmTC_1ff82.dir/CMakeCCompilerABI.c.o -L. -L/Users/mari/work/cpplib/lib -L/Applications/PicoScope6.app/Contents/Resources/lib -lSystem /Library/Developer/CommandLineTools/usr/lib/clang/10.0.0/lib/darwin/libclang_rt.osx.a]
    arg [/Library/Developer/CommandLineTools/usr/bin/ld] ==> ignore
    arg [-demangle] ==> ignore
    arg [-lto_library] ==> ignore, skip following value
    arg [/Library/Developer/CommandLineTools/usr/lib/libLTO.dylib] ==> skip value of -lto_library
    arg [-dynamic] ==> ignore
    arg [-arch] ==> ignore
    arg [x86_64] ==> ignore
    arg [-macosx_version_min] ==> ignore
    arg [10.13.0] ==> ignore
    arg [-o] ==> ignore
    arg [cmTC_1ff82] ==> ignore
    arg [-search_paths_first] ==> ignore
    arg [-headerpad_max_install_names] ==> ignore
    arg [-v] ==> ignore
    arg [CMakeFiles/cmTC_1ff82.dir/CMakeCCompilerABI.c.o] ==> ignore
    arg [-L.] ==> ignore
    arg [-L/Users/mari/work/cpplib/lib] ==> dir [/Users/mari/work/cpplib/lib]
    arg [-L/Applications/PicoScope6.app/Contents/Resources/lib] ==> dir [/Applications/PicoScope6.app/Contents/Resources/lib]
    arg [-lSystem] ==> lib [System]
    arg [/Library/Developer/CommandLineTools/usr/lib/clang/10.0.0/lib/darwin/libclang_rt.osx.a] ==> lib [/Library/Developer/CommandLineTools/usr/lib/clang/10.0.0/lib/darwin/libclang_rt.osx.a]
  Library search paths: [;.;/Users/mari/work/cpplib/lib;/Applications/PicoScope6.app/Contents/Resources/lib;/usr/lib;/usr/local/lib]
  Framework search paths: [;/Library/Frameworks/;/System/Library/Frameworks/]
  remove lib [System]
  remove lib [/Library/Developer/CommandLineTools/usr/lib/clang/10.0.0/lib/darwin/libclang_rt.osx.a]
  collapse library dir [/Users/mari/work/cpplib/lib] ==> [/Users/mari/work/cpplib/lib]
  collapse library dir [/Applications/PicoScope6.app/Contents/Resources/lib] ==> [/Applications/PicoScope6.app/Contents/Resources/lib]
  collapse library dir [.] ==> [/Users/mari/work/cosmiTrigger/conv]
  collapse library dir [/Users/mari/work/cpplib/lib] ==> [/Users/mari/work/cpplib/lib]
  collapse library dir [/Applications/PicoScope6.app/Contents/Resources/lib] ==> [/Applications/PicoScope6.app/Contents/Resources/lib]
  collapse library dir [/usr/lib] ==> [/usr/lib]
  collapse library dir [/usr/local/lib] ==> [/usr/local/lib]
  collapse framework dir [/Library/Frameworks/] ==> [/Library/Frameworks]
  collapse framework dir [/System/Library/Frameworks/] ==> [/System/Library/Frameworks]
  implicit libs: []
  implicit dirs: [/Users/mari/work/cpplib/lib;/Applications/PicoScope6.app/Contents/Resources/lib;/Users/mari/work/cosmiTrigger/conv;/usr/lib;/usr/local/lib]
  implicit fwks: [/Library/Frameworks;/System/Library/Frameworks]




Detecting C [-std=c11] compiler features compiled with the following output:
Change Dir: /Users/mari/work/cosmiTrigger/conv/cmake-build-debug/CMakeFiles/CMakeTmp

Run Build Command:"/usr/bin/make" "cmTC_ab1d5/fast"
/Library/Developer/CommandLineTools/usr/bin/make -f CMakeFiles/cmTC_ab1d5.dir/build.make CMakeFiles/cmTC_ab1d5.dir/build
Building C object CMakeFiles/cmTC_ab1d5.dir/feature_tests.c.o
/Library/Developer/CommandLineTools/usr/bin/cc   -std=c11 -o CMakeFiles/cmTC_ab1d5.dir/feature_tests.c.o   -c /Users/mari/work/cosmiTrigger/conv/cmake-build-debug/CMakeFiles/feature_tests.c
Linking C executable cmTC_ab1d5
/Applications/CLion.app/Contents/bin/cmake/bin/cmake -E cmake_link_script CMakeFiles/cmTC_ab1d5.dir/link.txt --verbose=1
/Library/Developer/CommandLineTools/usr/bin/cc   -Wl,-search_paths_first -Wl,-headerpad_max_install_names   CMakeFiles/cmTC_ab1d5.dir/feature_tests.c.o  -o cmTC_ab1d5 


    Feature record: C_FEATURE:1c_function_prototypes
    Feature record: C_FEATURE:1c_restrict
    Feature record: C_FEATURE:1c_static_assert
    Feature record: C_FEATURE:1c_variadic_macros


Detecting C [-std=c99] compiler features compiled with the following output:
Change Dir: /Users/mari/work/cosmiTrigger/conv/cmake-build-debug/CMakeFiles/CMakeTmp

Run Build Command:"/usr/bin/make" "cmTC_f0c25/fast"
/Library/Developer/CommandLineTools/usr/bin/make -f CMakeFiles/cmTC_f0c25.dir/build.make CMakeFiles/cmTC_f0c25.dir/build
Building C object CMakeFiles/cmTC_f0c25.dir/feature_tests.c.o
/Library/Developer/CommandLineTools/usr/bin/cc   -std=c99 -o CMakeFiles/cmTC_f0c25.dir/feature_tests.c.o   -c /Users/mari/work/cosmiTrigger/conv/cmake-build-debug/CMakeFiles/feature_tests.c
Linking C executable cmTC_f0c25
/Applications/CLion.app/Contents/bin/cmake/bin/cmake -E cmake_link_script CMakeFiles/cmTC_f0c25.dir/link.txt --verbose=1
/Library/Developer/CommandLineTools/usr/bin/cc   -Wl,-search_paths_first -Wl,-headerpad_max_install_names   CMakeFiles/cmTC_f0c25.dir/feature_tests.c.o  -o cmTC_f0c25 


    Feature record: C_FEATURE:1c_function_prototypes
    Feature record: C_FEATURE:1c_restrict
    Feature record: C_FEATURE:0c_static_assert
    Feature record: C_FEATURE:1c_variadic_macros


Detecting C [-std=c90] compiler features compiled with the following output:
Change Dir: /Users/mari/work/cosmiTrigger/conv/cmake-build-debug/CMakeFiles/CMakeTmp

Run Build Command:"/usr/bin/make" "cmTC_0b3de/fast"
/Library/Developer/CommandLineTools/usr/bin/make -f CMakeFiles/cmTC_0b3de.dir/build.make CMakeFiles/cmTC_0b3de.dir/build
Building C object CMakeFiles/cmTC_0b3de.dir/feature_tests.c.o
/Library/Developer/CommandLineTools/usr/bin/cc   -std=c90 -o CMakeFiles/cmTC_0b3de.dir/feature_tests.c.o   -c /Users/mari/work/cosmiTrigger/conv/cmake-build-debug/CMakeFiles/feature_tests.c
Linking C executable cmTC_0b3de
/Applications/CLion.app/Contents/bin/cmake/bin/cmake -E cmake_link_script CMakeFiles/cmTC_0b3de.dir/link.txt --verbose=1
/Library/Developer/CommandLineTools/usr/bin/cc   -Wl,-search_paths_first -Wl,-headerpad_max_install_names   CMakeFiles/cmTC_0b3de.dir/feature_tests.c.o  -o cmTC_0b3de 


    Feature record: C_FEATURE:1c_function_prototypes
    Feature record: C_FEATURE:0c_restrict
    Feature record: C_FEATURE:0c_static_assert
    Feature record: C_FEATURE:0c_variadic_macros
Determining if the CXX compiler works passed with the following output:
Change Dir: /Users/mari/work/cosmiTrigger/conv/cmake-build-debug/CMakeFiles/CMakeTmp

Run Build Command:"/usr/bin/make" "cmTC_2bfaa/fast"
/Library/Developer/CommandLineTools/usr/bin/make -f CMakeFiles/cmTC_2bfaa.dir/build.make CMakeFiles/cmTC_2bfaa.dir/build
Building CXX object CMakeFiles/cmTC_2bfaa.dir/testCXXCompiler.cxx.o
/Library/Developer/CommandLineTools/usr/bin/c++     -o CMakeFiles/cmTC_2bfaa.dir/testCXXCompiler.cxx.o -c /Users/mari/work/cosmiTrigger/conv/cmake-build-debug/CMakeFiles/CMakeTmp/testCXXCompiler.cxx
Linking CXX executable cmTC_2bfaa
/Applications/CLion.app/Contents/bin/cmake/bin/cmake -E cmake_link_script CMakeFiles/cmTC_2bfaa.dir/link.txt --verbose=1
/Library/Developer/CommandLineTools/usr/bin/c++    -Wl,-search_paths_first -Wl,-headerpad_max_install_names   CMakeFiles/cmTC_2bfaa.dir/testCXXCompiler.cxx.o  -o cmTC_2bfaa 


Detecting CXX compiler ABI info compiled with the following output:
Change Dir: /Users/mari/work/cosmiTrigger/conv/cmake-build-debug/CMakeFiles/CMakeTmp

Run Build Command:"/usr/bin/make" "cmTC_0b306/fast"
/Library/Developer/CommandLineTools/usr/bin/make -f CMakeFiles/cmTC_0b306.dir/build.make CMakeFiles/cmTC_0b306.dir/build
Building CXX object CMakeFiles/cmTC_0b306.dir/CMakeCXXCompilerABI.cpp.o
/Library/Developer/CommandLineTools/usr/bin/c++     -o CMakeFiles/cmTC_0b306.dir/CMakeCXXCompilerABI.cpp.o -c /Applications/CLion.app/Contents/bin/cmake/share/cmake-3.8/Modules/CMakeCXXCompilerABI.cpp
Linking CXX executable cmTC_0b306
/Applications/CLion.app/Contents/bin/cmake/bin/cmake -E cmake_link_script CMakeFiles/cmTC_0b306.dir/link.txt --verbose=1
/Library/Developer/CommandLineTools/usr/bin/c++    -Wl,-search_paths_first -Wl,-headerpad_max_install_names  -v -Wl,-v CMakeFiles/cmTC_0b306.dir/CMakeCXXCompilerABI.cpp.o  -o cmTC_0b306 
Apple LLVM version 10.0.0 (clang-1000.10.44.2)
Target: x86_64-apple-darwin17.7.0
Thread model: posix
InstalledDir: /Library/Developer/CommandLineTools/usr/bin
 "/Library/Developer/CommandLineTools/usr/bin/ld" -demangle -lto_library /Library/Developer/CommandLineTools/usr/lib/libLTO.dylib -dynamic -arch x86_64 -macosx_version_min 10.13.0 -o cmTC_0b306 -search_paths_first -headerpad_max_install_names -v CMakeFiles/cmTC_0b306.dir/CMakeCXXCompilerABI.cpp.o -L. -L/Users/mari/work/cpplib/lib -L/Applications/PicoScope6.app/Contents/Resources/lib -lc++ -lSystem /Library/Developer/CommandLineTools/usr/lib/clang/10.0.0/lib/darwin/libclang_rt.osx.a
@(#)PROGRAM:ld  PROJECT:ld64-409.12
BUILD 02:04:28 Aug 14 2018
configured to support archs: armv6 armv7 armv7s arm64 i386 x86_64 x86_64h armv6m armv7k armv7m armv7em
Library search paths:
	.
	/Users/mari/work/cpplib/lib
	/Applications/PicoScope6.app/Contents/Resources/lib
	/usr/lib
	/usr/local/lib
Framework search paths:
	/Library/Frameworks/
	/System/Library/Frameworks/


Parsed CXX implicit link information from above output:
  link line regex: [^( *|.*[/\])(ld|([^/\]+-)?ld|collect2)[^/\]*( |$)]
  ignore line: [Change Dir: /Users/mari/work/cosmiTrigger/conv/cmake-build-debug/CMakeFiles/CMakeTmp]
  ignore line: []
  ignore line: [Run Build Command:"/usr/bin/make" "cmTC_0b306/fast"]
  ignore line: [/Library/Developer/CommandLineTools/usr/bin/make -f CMakeFiles/cmTC_0b306.dir/build.make CMakeFiles/cmTC_0b306.dir/build]
  ignore line: [Building CXX object CMakeFiles/cmTC_0b306.dir/CMakeCXXCompilerABI.cpp.o]
  ignore line: [/Library/Developer/CommandLineTools/usr/bin/c++     -o CMakeFiles/cmTC_0b306.dir/CMakeCXXCompilerABI.cpp.o -c /Applications/CLion.app/Contents/bin/cmake/share/cmake-3.8/Modules/CMakeCXXCompilerABI.cpp]
  ignore line: [Linking CXX executable cmTC_0b306]
  ignore line: [/Applications/CLion.app/Contents/bin/cmake/bin/cmake -E cmake_link_script CMakeFiles/cmTC_0b306.dir/link.txt --verbose=1]
  ignore line: [/Library/Developer/CommandLineTools/usr/bin/c++    -Wl,-search_paths_first -Wl,-headerpad_max_install_names  -v -Wl,-v CMakeFiles/cmTC_0b306.dir/CMakeCXXCompilerABI.cpp.o  -o cmTC_0b306 ]
  ignore line: [Apple LLVM version 10.0.0 (clang-1000.10.44.2)]
  ignore line: [Target: x86_64-apple-darwin17.7.0]
  ignore line: [Thread model: posix]
  ignore line: [InstalledDir: /Library/Developer/CommandLineTools/usr/bin]
  link line: [ "/Library/Developer/CommandLineTools/usr/bin/ld" -demangle -lto_library /Library/Developer/CommandLineTools/usr/lib/libLTO.dylib -dynamic -arch x86_64 -macosx_version_min 10.13.0 -o cmTC_0b306 -search_paths_first -headerpad_max_install_names -v CMakeFiles/cmTC_0b306.dir/CMakeCXXCompilerABI.cpp.o -L. -L/Users/mari/work/cpplib/lib -L/Applications/PicoScope6.app/Contents/Resources/lib -lc++ -lSystem /Library/Developer/CommandLineTools/usr/lib/clang/10.0.0/lib/darwin/libclang_rt.osx.a]
    arg [/Library/Developer/CommandLineTools/usr/bin/ld] ==> ignore
    arg [-demangle] ==> ignore
    arg [-lto_library] ==> ignore, skip following value
    arg [/Library/Developer/CommandLineTools/usr/lib/libLTO.dylib] ==> skip value of -lto_library
    arg [-dynamic] ==> ignore
    arg [-arch] ==> ignore
    arg [x86_64] ==> ignore
    arg [-macosx_version_min] ==> ignore
    arg [10.13.0] ==> ignore
    arg [-o] ==> ignore
    arg [cmTC_0b306] ==> ignore
    arg [-search_paths_first] ==> ignore
    arg [-headerpad_max_install_names] ==> ignore
    arg [-v] ==> ignore
    arg [CMakeFiles/cmTC_0b306.dir/CMakeCXXCompilerABI.cpp.o] ==> ignore
    arg [-L.] ==> ignore
    arg [-L/Users/mari/work/cpplib/lib] ==> dir [/Users/mari/work/cpplib/lib]
    arg [-L/Applications/PicoScope6.app/Contents/Resources/lib] ==> dir [/Applications/PicoScope6.app/Contents/Resources/lib]
    arg [-lc++] ==> lib [c++]
    arg [-lSystem] ==> lib [System]
    arg [/Library/Developer/CommandLineTools/usr/lib/clang/10.0.0/lib/darwin/libclang_rt.osx.a] ==> lib [/Library/Developer/CommandLineTools/usr/lib/clang/10.0.0/lib/darwin/libclang_rt.osx.a]
  Library search paths: [;.;/Users/mari/work/cpplib/lib;/Applications/PicoScope6.app/Contents/Resources/lib;/usr/lib;/usr/local/lib]
  Framework search paths: [;/Library/Frameworks/;/System/Library/Frameworks/]
  remove lib [System]
  remove lib [/Library/Developer/CommandLineTools/usr/lib/clang/10.0.0/lib/darwin/libclang_rt.osx.a]
  collapse library dir [/Users/mari/work/cpplib/lib] ==> [/Users/mari/work/cpplib/lib]
  collapse library dir [/Applications/PicoScope6.app/Contents/Resources/lib] ==> [/Applications/PicoScope6.app/Contents/Resources/lib]
  collapse library dir [.] ==> [/Users/mari/work/cosmiTrigger/conv]
  collapse library dir [/Users/mari/work/cpplib/lib] ==> [/Users/mari/work/cpplib/lib]
  collapse library dir [/Applications/PicoScope6.app/Contents/Resources/lib] ==> [/Applications/PicoScope6.app/Contents/Resources/lib]
  collapse library dir [/usr/lib] ==> [/usr/lib]
  collapse library dir [/usr/local/lib] ==> [/usr/local/lib]
  collapse framework dir [/Library/Frameworks/] ==> [/Library/Frameworks]
  collapse framework dir [/System/Library/Frameworks/] ==> [/System/Library/Frameworks]
  implicit libs: [c++]
  implicit dirs: [/Users/mari/work/cpplib/lib;/Applications/PicoScope6.app/Contents/Resources/lib;/Users/mari/work/cosmiTrigger/conv;/usr/lib;/usr/local/lib]
  implicit fwks: [/Library/Frameworks;/System/Library/Frameworks]




Detecting CXX [-std=c++1z] compiler features compiled with the following output:
Change Dir: /Users/mari/work/cosmiTrigger/conv/cmake-build-debug/CMakeFiles/CMakeTmp

Run Build Command:"/usr/bin/make" "cmTC_d5de1/fast"
/Library/Developer/CommandLineTools/usr/bin/make -f CMakeFiles/cmTC_d5de1.dir/build.make CMakeFiles/cmTC_d5de1.dir/build
Building CXX object CMakeFiles/cmTC_d5de1.dir/feature_tests.cxx.o
/Library/Developer/CommandLineTools/usr/bin/c++    -std=c++1z -o CMakeFiles/cmTC_d5de1.dir/feature_tests.cxx.o -c /Users/mari/work/cosmiTrigger/conv/cmake-build-debug/CMakeFiles/feature_tests.cxx
Linking CXX executable cmTC_d5de1
/Applications/CLion.app/Contents/bin/cmake/bin/cmake -E cmake_link_script CMakeFiles/cmTC_d5de1.dir/link.txt --verbose=1
/Library/Developer/CommandLineTools/usr/bin/c++    -Wl,-search_paths_first -Wl,-headerpad_max_install_names   CMakeFiles/cmTC_d5de1.dir/feature_tests.cxx.o  -o cmTC_d5de1 


    Feature record: CXX_FEATURE:1cxx_aggregate_default_initializers
    Feature record: CXX_FEATURE:1cxx_alias_templates
    Feature record: CXX_FEATURE:1cxx_alignas
    Feature record: CXX_FEATURE:1cxx_alignof
    Feature record: CXX_FEATURE:1cxx_attributes
    Feature record: CXX_FEATURE:1cxx_attribute_deprecated
    Feature record: CXX_FEATURE:1cxx_auto_type
    Feature record: CXX_FEATURE:1cxx_binary_literals
    Feature record: CXX_FEATURE:1cxx_constexpr
    Feature record: CXX_FEATURE:1cxx_contextual_conversions
    Feature record: CXX_FEATURE:1cxx_decltype
    Feature record: CXX_FEATURE:1cxx_decltype_auto
    Feature record: CXX_FEATURE:1cxx_decltype_incomplete_return_types
    Feature record: CXX_FEATURE:1cxx_default_function_template_args
    Feature record: CXX_FEATURE:1cxx_defaulted_functions
    Feature record: CXX_FEATURE:1cxx_defaulted_move_initializers
    Feature record: CXX_FEATURE:1cxx_delegating_constructors
    Feature record: CXX_FEATURE:1cxx_deleted_functions
    Feature record: CXX_FEATURE:1cxx_digit_separators
    Feature record: CXX_FEATURE:1cxx_enum_forward_declarations
    Feature record: CXX_FEATURE:1cxx_explicit_conversions
    Feature record: CXX_FEATURE:1cxx_extended_friend_declarations
    Feature record: CXX_FEATURE:1cxx_extern_templates
    Feature record: CXX_FEATURE:1cxx_final
    Feature record: CXX_FEATURE:1cxx_func_identifier
    Feature record: CXX_FEATURE:1cxx_generalized_initializers
    Feature record: CXX_FEATURE:1cxx_generic_lambdas
    Feature record: CXX_FEATURE:1cxx_inheriting_constructors
    Feature record: CXX_FEATURE:1cxx_inline_namespaces
    Feature record: CXX_FEATURE:1cxx_lambdas
    Feature record: CXX_FEATURE:1cxx_lambda_init_captures
    Feature record: CXX_FEATURE:1cxx_local_type_template_args
    Feature record: CXX_FEATURE:1cxx_long_long_type
    Feature record: CXX_FEATURE:1cxx_noexcept
    Feature record: CXX_FEATURE:1cxx_nonstatic_member_init
    Feature record: CXX_FEATURE:1cxx_nullptr
    Feature record: CXX_FEATURE:1cxx_override
    Feature record: CXX_FEATURE:1cxx_range_for
    Feature record: CXX_FEATURE:1cxx_raw_string_literals
    Feature record: CXX_FEATURE:1cxx_reference_qualified_functions
    Feature record: CXX_FEATURE:1cxx_relaxed_constexpr
    Feature record: CXX_FEATURE:1cxx_return_type_deduction
    Feature record: CXX_FEATURE:1cxx_right_angle_brackets
    Feature record: CXX_FEATURE:1cxx_rvalue_references
    Feature record: CXX_FEATURE:1cxx_sizeof_member
    Feature record: CXX_FEATURE:1cxx_static_assert
    Feature record: CXX_FEATURE:1cxx_strong_enums
    Feature record: CXX_FEATURE:1cxx_template_template_parameters
    Feature record: CXX_FEATURE:1cxx_thread_local
    Feature record: CXX_FEATURE:1cxx_trailing_return_types
    Feature record: CXX_FEATURE:1cxx_unicode_literals
    Feature record: CXX_FEATURE:1cxx_uniform_initialization
    Feature record: CXX_FEATURE:1cxx_unrestricted_unions
    Feature record: CXX_FEATURE:1cxx_user_literals
    Feature record: CXX_FEATURE:1cxx_variable_templates
    Feature record: CXX_FEATURE:1cxx_variadic_macros
    Feature record: CXX_FEATURE:1cxx_variadic_templates


Detecting CXX [-std=c++14] compiler features compiled with the following output:
Change Dir: /Users/mari/work/cosmiTrigger/conv/cmake-build-debug/CMakeFiles/CMakeTmp

Run Build Command:"/usr/bin/make" "cmTC_22d55/fast"
/Library/Developer/CommandLineTools/usr/bin/make -f CMakeFiles/cmTC_22d55.dir/build.make CMakeFiles/cmTC_22d55.dir/build
Building CXX object CMakeFiles/cmTC_22d55.dir/feature_tests.cxx.o
/Library/Developer/CommandLineTools/usr/bin/c++    -std=c++14 -o CMakeFiles/cmTC_22d55.dir/feature_tests.cxx.o -c /Users/mari/work/cosmiTrigger/conv/cmake-build-debug/CMakeFiles/feature_tests.cxx
Linking CXX executable cmTC_22d55
/Applications/CLion.app/Contents/bin/cmake/bin/cmake -E cmake_link_script CMakeFiles/cmTC_22d55.dir/link.txt --verbose=1
/Library/Developer/CommandLineTools/usr/bin/c++    -Wl,-search_paths_first -Wl,-headerpad_max_install_names   CMakeFiles/cmTC_22d55.dir/feature_tests.cxx.o  -o cmTC_22d55 


    Feature record: CXX_FEATURE:1cxx_aggregate_default_initializers
    Feature record: CXX_FEATURE:1cxx_alias_templates
    Feature record: CXX_FEATURE:1cxx_alignas
    Feature record: CXX_FEATURE:1cxx_alignof
    Feature record: CXX_FEATURE:1cxx_attributes
    Feature record: CXX_FEATURE:1cxx_attribute_deprecated
    Feature record: CXX_FEATURE:1cxx_auto_type
    Feature record: CXX_FEATURE:1cxx_binary_literals
    Feature record: CXX_FEATURE:1cxx_constexpr
    Feature record: CXX_FEATURE:1cxx_contextual_conversions
    Feature record: CXX_FEATURE:1cxx_decltype
    Feature record: CXX_FEATURE:1cxx_decltype_auto
    Feature record: CXX_FEATURE:1cxx_decltype_incomplete_return_types
    Feature record: CXX_FEATURE:1cxx_default_function_template_args
    Feature record: CXX_FEATURE:1cxx_defaulted_functions
    Feature record: CXX_FEATURE:1cxx_defaulted_move_initializers
    Feature record: CXX_FEATURE:1cxx_delegating_constructors
    Feature record: CXX_FEATURE:1cxx_deleted_functions
    Feature record: CXX_FEATURE:1cxx_digit_separators
    Feature record: CXX_FEATURE:1cxx_enum_forward_declarations
    Feature record: CXX_FEATURE:1cxx_explicit_conversions
    Feature record: CXX_FEATURE:1cxx_extended_friend_declarations
    Feature record: CXX_FEATURE:1cxx_extern_templates
    Feature record: CXX_FEATURE:1cxx_final
    Feature record: CXX_FEATURE:1cxx_func_identifier
    Feature record: CXX_FEATURE:1cxx_generalized_initializers
    Feature record: CXX_FEATURE:1cxx_generic_lambdas
    Feature record: CXX_FEATURE:1cxx_inheriting_constructors
    Feature record: CXX_FEATURE:1cxx_inline_namespaces
    Feature record: CXX_FEATURE:1cxx_lambdas
    Feature record: CXX_FEATURE:1cxx_lambda_init_captures
    Feature record: CXX_FEATURE:1cxx_local_type_template_args
    Feature record: CXX_FEATURE:1cxx_long_long_type
    Feature record: CXX_FEATURE:1cxx_noexcept
    Feature record: CXX_FEATURE:1cxx_nonstatic_member_init
    Feature record: CXX_FEATURE:1cxx_nullptr
    Feature record: CXX_FEATURE:1cxx_override
    Feature record: CXX_FEATURE:1cxx_range_for
    Feature record: CXX_FEATURE:1cxx_raw_string_literals
    Feature record: CXX_FEATURE:1cxx_reference_qualified_functions
    Feature record: CXX_FEATURE:1cxx_relaxed_constexpr
    Feature record: CXX_FEATURE:1cxx_return_type_deduction
    Feature record: CXX_FEATURE:1cxx_right_angle_brackets
    Feature record: CXX_FEATURE:1cxx_rvalue_references
    Feature record: CXX_FEATURE:1cxx_sizeof_member
    Feature record: CXX_FEATURE:1cxx_static_assert
    Feature record: CXX_FEATURE:1cxx_strong_enums
    Feature record: CXX_FEATURE:1cxx_template_template_parameters
    Feature record: CXX_FEATURE:1cxx_thread_local
    Feature record: CXX_FEATURE:1cxx_trailing_return_types
    Feature record: CXX_FEATURE:1cxx_unicode_literals
    Feature record: CXX_FEATURE:1cxx_uniform_initialization
    Feature record: CXX_FEATURE:1cxx_unrestricted_unions
    Feature record: CXX_FEATURE:1cxx_user_literals
    Feature record: CXX_FEATURE:1cxx_variable_templates
    Feature record: CXX_FEATURE:1cxx_variadic_macros
    Feature record: CXX_FEATURE:1cxx_variadic_templates


Detecting CXX [-std=c++11] compiler features compiled with the following output:
Change Dir: /Users/mari/work/cosmiTrigger/conv/cmake-build-debug/CMakeFiles/CMakeTmp

Run Build Command:"/usr/bin/make" "cmTC_2a5d4/fast"
/Library/Developer/CommandLineTools/usr/bin/make -f CMakeFiles/cmTC_2a5d4.dir/build.make CMakeFiles/cmTC_2a5d4.dir/build
Building CXX object CMakeFiles/cmTC_2a5d4.dir/feature_tests.cxx.o
/Library/Developer/CommandLineTools/usr/bin/c++    -std=c++11 -o CMakeFiles/cmTC_2a5d4.dir/feature_tests.cxx.o -c /Users/mari/work/cosmiTrigger/conv/cmake-build-debug/CMakeFiles/feature_tests.cxx
Linking CXX executable cmTC_2a5d4
/Applications/CLion.app/Contents/bin/cmake/bin/cmake -E cmake_link_script CMakeFiles/cmTC_2a5d4.dir/link.txt --verbose=1
/Library/Developer/CommandLineTools/usr/bin/c++    -Wl,-search_paths_first -Wl,-headerpad_max_install_names   CMakeFiles/cmTC_2a5d4.dir/feature_tests.cxx.o  -o cmTC_2a5d4 


    Feature record: CXX_FEATURE:0cxx_aggregate_default_initializers
    Feature record: CXX_FEATURE:1cxx_alias_templates
    Feature record: CXX_FEATURE:1cxx_alignas
    Feature record: CXX_FEATURE:1cxx_alignof
    Feature record: CXX_FEATURE:1cxx_attributes
    Feature record: CXX_FEATURE:0cxx_attribute_deprecated
    Feature record: CXX_FEATURE:1cxx_auto_type
    Feature record: CXX_FEATURE:0cxx_binary_literals
    Feature record: CXX_FEATURE:1cxx_constexpr
    Feature record: CXX_FEATURE:0cxx_contextual_conversions
    Feature record: CXX_FEATURE:1cxx_decltype
    Feature record: CXX_FEATURE:0cxx_decltype_auto
    Feature record: CXX_FEATURE:1cxx_decltype_incomplete_return_types
    Feature record: CXX_FEATURE:1cxx_default_function_template_args
    Feature record: CXX_FEATURE:1cxx_defaulted_functions
    Feature record: CXX_FEATURE:1cxx_defaulted_move_initializers
    Feature record: CXX_FEATURE:1cxx_delegating_constructors
    Feature record: CXX_FEATURE:1cxx_deleted_functions
    Feature record: CXX_FEATURE:0cxx_digit_separators
    Feature record: CXX_FEATURE:1cxx_enum_forward_declarations
    Feature record: CXX_FEATURE:1cxx_explicit_conversions
    Feature record: CXX_FEATURE:1cxx_extended_friend_declarations
    Feature record: CXX_FEATURE:1cxx_extern_templates
    Feature record: CXX_FEATURE:1cxx_final
    Feature record: CXX_FEATURE:1cxx_func_identifier
    Feature record: CXX_FEATURE:1cxx_generalized_initializers
    Feature record: CXX_FEATURE:0cxx_generic_lambdas
    Feature record: CXX_FEATURE:1cxx_inheriting_constructors
    Feature record: CXX_FEATURE:1cxx_inline_namespaces
    Feature record: CXX_FEATURE:1cxx_lambdas
    Feature record: CXX_FEATURE:0cxx_lambda_init_captures
    Feature record: CXX_FEATURE:1cxx_local_type_template_args
    Feature record: CXX_FEATURE:1cxx_long_long_type
    Feature record: CXX_FEATURE:1cxx_noexcept
    Feature record: CXX_FEATURE:1cxx_nonstatic_member_init
    Feature record: CXX_FEATURE:1cxx_nullptr
    Feature record: CXX_FEATURE:1cxx_override
    Feature record: CXX_FEATURE:1cxx_range_for
    Feature record: CXX_FEATURE:1cxx_raw_string_literals
    Feature record: CXX_FEATURE:1cxx_reference_qualified_functions
    Feature record: CXX_FEATURE:0cxx_relaxed_constexpr
    Feature record: CXX_FEATURE:0cxx_return_type_deduction
    Feature record: CXX_FEATURE:1cxx_right_angle_brackets
    Feature record: CXX_FEATURE:1cxx_rvalue_references
    Feature record: CXX_FEATURE:1cxx_sizeof_member
    Feature record: CXX_FEATURE:1cxx_static_assert
    Feature record: CXX_FEATURE:1cxx_strong_enums
    Feature record: CXX_FEATURE:1cxx_template_template_parameters
    Feature record: CXX_FEATURE:1cxx_thread_local
    Feature record: CXX_FEATURE:1cxx_trailing_return_types
    Feature record: CXX_FEATURE:1cxx_unicode_literals
    Feature record: CXX_FEATURE:1cxx_uniform_initialization
    Feature record: CXX_FEATURE:1cxx_unrestricted_unions
    Feature record: CXX_FEATURE:1cxx_user_literals
    Feature record: CXX_FEATURE:0cxx_variable_templates
    Feature record: CXX_FEATURE:1cxx_variadic_macros
    Feature record: CXX_FEATURE:1cxx_variadic_templates


Detecting CXX [-std=c++98] compiler features compiled with the following output:
Change Dir: /Users/mari/work/cosmiTrigger/conv/cmake-build-debug/CMakeFiles/CMakeTmp

Run Build Command:"/usr/bin/make" "cmTC_89cac/fast"
/Library/Developer/CommandLineTools/usr/bin/make -f CMakeFiles/cmTC_89cac.dir/build.make CMakeFiles/cmTC_89cac.dir/build
Building CXX object CMakeFiles/cmTC_89cac.dir/feature_tests.cxx.o
/Library/Developer/CommandLineTools/usr/bin/c++    -std=c++98 -o CMakeFiles/cmTC_89cac.dir/feature_tests.cxx.o -c /Users/mari/work/cosmiTrigger/conv/cmake-build-debug/CMakeFiles/feature_tests.cxx
Linking CXX executable cmTC_89cac
/Applications/CLion.app/Contents/bin/cmake/bin/cmake -E cmake_link_script CMakeFiles/cmTC_89cac.dir/link.txt --verbose=1
/Library/Developer/CommandLineTools/usr/bin/c++    -Wl,-search_paths_first -Wl,-headerpad_max_install_names   CMakeFiles/cmTC_89cac.dir/feature_tests.cxx.o  -o cmTC_89cac 


    Feature record: CXX_FEATURE:0cxx_aggregate_default_initializers
    Feature record: CXX_FEATURE:0cxx_alias_templates
    Feature record: CXX_FEATURE:0cxx_alignas
    Feature record: CXX_FEATURE:0cxx_alignof
    Feature record: CXX_FEATURE:0cxx_attributes
    Feature record: CXX_FEATURE:0cxx_attribute_deprecated
    Feature record: CXX_FEATURE:0cxx_auto_type
    Feature record: CXX_FEATURE:0cxx_binary_literals
    Feature record: CXX_FEATURE:0cxx_constexpr
    Feature record: CXX_FEATURE:0cxx_contextual_conversions
    Feature record: CXX_FEATURE:0cxx_decltype
    Feature record: CXX_FEATURE:0cxx_decltype_auto
    Feature record: CXX_FEATURE:0cxx_decltype_incomplete_return_types
    Feature record: CXX_FEATURE:0cxx_default_function_template_args
    Feature record: CXX_FEATURE:0cxx_defaulted_functions
    Feature record: CXX_FEATURE:0cxx_defaulted_move_initializers
    Feature record: CXX_FEATURE:0cxx_delegating_constructors
    Feature record: CXX_FEATURE:0cxx_deleted_functions
    Feature record: CXX_FEATURE:0cxx_digit_separators
    Feature record: CXX_FEATURE:0cxx_enum_forward_declarations
    Feature record: CXX_FEATURE:0cxx_explicit_conversions
    Feature record: CXX_FEATURE:0cxx_extended_friend_declarations
    Feature record: CXX_FEATURE:0cxx_extern_templates
    Feature record: CXX_FEATURE:0cxx_final
    Feature record: CXX_FEATURE:0cxx_func_identifier
    Feature record: CXX_FEATURE:0cxx_generalized_initializers
    Feature record: CXX_FEATURE:0cxx_generic_lambdas
    Feature record: CXX_FEATURE:0cxx_inheriting_constructors
    Feature record: CXX_FEATURE:0cxx_inline_namespaces
    Feature record: CXX_FEATURE:0cxx_lambdas
    Feature record: CXX_FEATURE:0cxx_lambda_init_captures
    Feature record: CXX_FEATURE:0cxx_local_type_template_args
    Feature record: CXX_FEATURE:0cxx_long_long_type
    Feature record: CXX_FEATURE:0cxx_noexcept
    Feature record: CXX_FEATURE:0cxx_nonstatic_member_init
    Feature record: CXX_FEATURE:0cxx_nullptr
    Feature record: CXX_FEATURE:0cxx_override
    Feature record: CXX_FEATURE:0cxx_range_for
    Feature record: CXX_FEATURE:0cxx_raw_string_literals
    Feature record: CXX_FEATURE:0cxx_reference_qualified_functions
    Feature record: CXX_FEATURE:0cxx_relaxed_constexpr
    Feature record: CXX_FEATURE:0cxx_return_type_deduction
    Feature record: CXX_FEATURE:0cxx_right_angle_brackets
    Feature record: CXX_FEATURE:0cxx_rvalue_references
    Feature record: CXX_FEATURE:0cxx_sizeof_member
    Feature record: CXX_FEATURE:0cxx_static_assert
    Feature record: CXX_FEATURE:0cxx_strong_enums
    Feature record: CXX_FEATURE:1cxx_template_template_parameters
    Feature record: CXX_FEATURE:0cxx_thread_local
    Feature record: CXX_FEATURE:0cxx_trailing_return_types
    Feature record: CXX_FEATURE:0cxx_unicode_literals
    Feature record: CXX_FEATURE:0cxx_uniform_initialization
    Feature record: CXX_FEATURE:0cxx_unrestricted_unions
    Feature record: CXX_FEATURE:0cxx_user_literals
    Feature record: CXX_FEATURE:0cxx_variable_templates
    Feature record: CXX_FEATURE:0cxx_variadic_macros
    Feature record: CXX_FEATURE:0cxx_variadic_templates
