Sender: LSF System <lsfadmin@cb038>
Subject: Job 98975364: <./conv 1214> in cluster <centralcluster> Done

Job <./conv 1214> was submitted from host <cw11> by user <tomoo> in cluster <centralcluster> at Wed Oct 10 11:40:34 2018
Job was executed on host(s) <cb038>, in queue <s>, as user <tomoo> in cluster <centralcluster> at Wed Oct 10 11:40:38 2018
</home/had/tomoo> was used as the home directory.
</home/had/tomoo/conv/source/current> was used as the working directory.
Started at Wed Oct 10 11:40:38 2018
Terminated at Wed Oct 10 11:52:37 2018
Results reported at Wed Oct 10 11:52:37 2018

Your job looked like:

------------------------------------------------------------
# LSBATCH: User input
./conv 1214
------------------------------------------------------------

Successfully completed.

Resource usage summary:

    CPU time :                                   714.42 sec.
    Max Memory :                                 1124 MB
    Average Memory :                             876.36 MB
    Total Requested Memory :                     4000.00 MB
    Delta Memory :                               2876.00 MB
    Max Swap :                                   -
    Max Processes :                              3
    Max Threads :                                4
    Run time :                                   719 sec.
    Turnaround time :                            723 sec.

The output (if any) follows:

Run1214
Initializing cosmic trigger system ----------
Trigger counter map             [OK]
CsI map                         [OK]
Channel delays                  [OK]
(scinti. 3 not found)
(scinti. 4 not found)
(scinti. 5 not found)
(scinti. 14 not found)
Calibration constants           [OK]
Hit condition parameters        [OK]
./data/ADCchMap/run1204_mppc.txt
./data/ADCchMap/run1204_pmt.txt
----------- Cosmic trigger system initialized

Checking timestamps -------------------------
1000th
2000th
----------------------------------------- fin

# of surviving events    2181 (15.7%)

Scan entries --------------------------------
0th
1000th
2000th
------------------------------------------fin
