Sender: LSF System <lsfadmin@cb134>
Subject: Job 98975355: <./conv 1205> in cluster <centralcluster> Done

Job <./conv 1205> was submitted from host <cw11> by user <tomoo> in cluster <centralcluster> at Wed Oct 10 11:40:31 2018
Job was executed on host(s) <cb134>, in queue <s>, as user <tomoo> in cluster <centralcluster> at Wed Oct 10 11:40:32 2018
</home/had/tomoo> was used as the home directory.
</home/had/tomoo/conv/source/current> was used as the working directory.
Started at Wed Oct 10 11:40:32 2018
Terminated at Wed Oct 10 11:42:09 2018
Results reported at Wed Oct 10 11:42:09 2018

Your job looked like:

------------------------------------------------------------
# LSBATCH: User input
./conv 1205
------------------------------------------------------------

Successfully completed.

Resource usage summary:

    CPU time :                                   91.63 sec.
    Max Memory :                                 587 MB
    Average Memory :                             531.92 MB
    Total Requested Memory :                     4000.00 MB
    Delta Memory :                               3413.00 MB
    Max Swap :                                   -
    Max Processes :                              3
    Max Threads :                                4
    Run time :                                   98 sec.
    Turnaround time :                            98 sec.

The output (if any) follows:

Run1205
Initializing cosmic trigger system ----------
Trigger counter map             [OK]
CsI map                         [OK]
Channel delays                  [OK]
(scinti. 3 not found)
(scinti. 4 not found)
(scinti. 5 not found)
(scinti. 14 not found)
Calibration constants           [OK]
Hit condition parameters        [OK]
./data/ADCchMap/run1204_mppc.txt
./data/ADCchMap/run1204_pmt.txt
----------- Cosmic trigger system initialized

Checking timestamps -------------------------
1000th
2000th
3000th
4000th
5000th
6000th
7000th
8000th
9000th
10000th
11000th
12000th
----------------------------------------- fin

# of surviving events    12925 (92.9%)

Scan entries --------------------------------
0th
1000th
2000th
3000th
4000th
5000th
6000th
7000th
8000th
9000th
10000th
11000th
12000th
------------------------------------------fin
