Sender: LSF System <lsfadmin@cb010>
Subject: Job 98974091: <./conv 1186> in cluster <centralcluster> Exited

Job <./conv 1186> was submitted from host <cw11> by user <tomoo> in cluster <centralcluster> at Wed Oct 10 11:15:08 2018
Job was executed on host(s) <cb010>, in queue <s>, as user <tomoo> in cluster <centralcluster> at Wed Oct 10 11:15:09 2018
</home/had/tomoo> was used as the home directory.
</home/had/tomoo/conv/source/current> was used as the working directory.
Started at Wed Oct 10 11:15:09 2018
Terminated at Wed Oct 10 11:17:36 2018
Results reported at Wed Oct 10 11:17:36 2018

Your job looked like:

------------------------------------------------------------
# LSBATCH: User input
./conv 1186
------------------------------------------------------------

TERM_OWNER: job killed by owner.
Exited with exit code 130.

Resource usage summary:

    CPU time :                                   140.08 sec.
    Max Memory :                                 578 MB
    Average Memory :                             539.05 MB
    Total Requested Memory :                     4000.00 MB
    Delta Memory :                               3422.00 MB
    Max Swap :                                   -
    Max Processes :                              3
    Max Threads :                                4
    Run time :                                   148 sec.
    Turnaround time :                            148 sec.

The output (if any) follows:

